<?xml version="1.0" encoding="UTF-8"?>
<beans xmlns="http://www.springframework.org/schema/beans"
       xmlns:xsi="http://www.w3.org/2001/XMLSchema-instance"
       xmlns:context="http://www.springframework.org/schema/context"
       xsi:schemaLocation="http://www.springframework.org/schema/beans http://www.springframework.org/schema/beans/spring-beans.xsd
    http://www.springframework.org/schema/context http://www.springframework.org/schema/context/spring-context.xsd">

    <!-- We can change this between SillyPatronDAO, DBPatronDAO, LocalPatronDAO -->
    <bean id="customer" class="com.hamilton.bankservice.LocalCustomerDAO"/>
    <bean id="account" class="com.hamilton.bankservice.LocalAccountDAO"/>
    <bean id="transaction" class="com.hamilton.bankservice.LocalTransactionDAO"/>
</beans>